mode: set
github.com/bashbunni/project-management/models/entry.go:27.91,30.22 3 0
github.com/bashbunni/project-management/models/entry.go:33.2,34.16 2 0
github.com/bashbunni/project-management/models/entry.go:37.2,37.12 1 0
github.com/bashbunni/project-management/models/entry.go:30.22,32.3 1 0
github.com/bashbunni/project-management/models/entry.go:34.16,36.3 1 0
github.com/bashbunni/project-management/models/entry.go:40.75,43.2 2 0
github.com/bashbunni/project-management/models/entry.go:45.86,49.2 3 0
github.com/bashbunni/project-management/models/entry.go:51.89,56.2 4 0
github.com/bashbunni/project-management/models/mock_entry.go:12.90,15.39 1 0
github.com/bashbunni/project-management/models/mock_entry.go:18.2,18.39 1 0
github.com/bashbunni/project-management/models/mock_entry.go:21.2,21.12 1 0
github.com/bashbunni/project-management/models/mock_entry.go:15.39,17.3 1 0
github.com/bashbunni/project-management/models/mock_entry.go:18.39,20.3 1 0
github.com/bashbunni/project-management/models/mock_entry.go:24.74,27.16 3 0
github.com/bashbunni/project-management/models/mock_entry.go:30.2,30.12 1 0
github.com/bashbunni/project-management/models/mock_entry.go:27.16,29.3 1 0
github.com/bashbunni/project-management/models/mock_entry.go:33.85,36.39 2 0
github.com/bashbunni/project-management/models/mock_entry.go:41.2,41.21 1 0
github.com/bashbunni/project-management/models/mock_entry.go:36.39,37.48 1 0
github.com/bashbunni/project-management/models/mock_entry.go:37.48,39.4 1 0
github.com/bashbunni/project-management/models/mock_entry.go:44.88,48.2 3 0
github.com/bashbunni/project-management/models/mock_entry.go:50.85,54.2 3 0
github.com/bashbunni/project-management/models/mock_project.go:11.71,13.46 1 1
github.com/bashbunni/project-management/models/mock_project.go:16.2,16.18 1 1
github.com/bashbunni/project-management/models/mock_project.go:13.46,15.3 1 1
github.com/bashbunni/project-management/models/mock_project.go:19.48,20.21 1 0
github.com/bashbunni/project-management/models/mock_project.go:20.21,22.36 2 0
github.com/bashbunni/project-management/models/mock_project.go:22.36,24.4 1 0
github.com/bashbunni/project-management/models/mock_project.go:25.8,27.3 1 0
github.com/bashbunni/project-management/models/mock_project.go:30.59,32.37 2 0
github.com/bashbunni/project-management/models/mock_project.go:35.2,35.17 1 0
github.com/bashbunni/project-management/models/mock_project.go:32.37,34.3 1 0
github.com/bashbunni/project-management/models/mock_project.go:38.51,39.25 1 1
github.com/bashbunni/project-management/models/mock_project.go:42.2,42.14 1 1
github.com/bashbunni/project-management/models/mock_project.go:39.25,41.3 1 1
github.com/bashbunni/project-management/models/mock_project.go:45.67,46.16 1 0
github.com/bashbunni/project-management/models/mock_project.go:49.2,51.14 3 0
github.com/bashbunni/project-management/models/mock_project.go:46.16,48.3 1 0
github.com/bashbunni/project-management/models/mock_project.go:54.90,56.44 1 0
github.com/bashbunni/project-management/models/mock_project.go:59.2,59.22 1 0
github.com/bashbunni/project-management/models/mock_project.go:56.44,58.3 1 0
github.com/bashbunni/project-management/models/mock_project.go:62.70,64.50 2 0
github.com/bashbunni/project-management/models/mock_project.go:64.50,66.3 1 0
github.com/bashbunni/project-management/models/model.go:11.34,13.2 1 0
github.com/bashbunni/project-management/models/project.go:20.48,22.2 1 0
github.com/bashbunni/project-management/models/project.go:26.39,26.56 1 0
github.com/bashbunni/project-management/models/project.go:27.39,27.73 1 0
github.com/bashbunni/project-management/models/project.go:28.39,28.56 1 0
github.com/bashbunni/project-management/models/project.go:46.72,48.77 2 0
github.com/bashbunni/project-management/models/project.go:51.2,51.16 1 0
github.com/bashbunni/project-management/models/project.go:48.77,50.3 1 0
github.com/bashbunni/project-management/models/project.go:54.49,56.35 2 0
github.com/bashbunni/project-management/models/project.go:56.35,58.3 1 0
github.com/bashbunni/project-management/models/project.go:61.60,63.51 2 0
github.com/bashbunni/project-management/models/project.go:66.2,66.17 1 0
github.com/bashbunni/project-management/models/project.go:63.51,65.3 1 0
github.com/bashbunni/project-management/models/project.go:69.52,70.34 1 0
github.com/bashbunni/project-management/models/project.go:73.2,73.13 1 0
github.com/bashbunni/project-management/models/project.go:70.34,72.3 1 0
github.com/bashbunni/project-management/models/project.go:76.68,78.49 2 0
github.com/bashbunni/project-management/models/project.go:81.2,81.13 1 0
github.com/bashbunni/project-management/models/project.go:78.49,80.3 1 0
github.com/bashbunni/project-management/models/project.go:85.91,87.69 2 0
github.com/bashbunni/project-management/models/project.go:87.69,89.3 1 0
github.com/bashbunni/project-management/models/project.go:93.71,96.82 3 0
github.com/bashbunni/project-management/models/project.go:99.2,101.50 3 0
github.com/bashbunni/project-management/models/project.go:96.82,98.3 1 0
github.com/bashbunni/project-management/models/project.go:101.50,103.3 1 0
github.com/bashbunni/project-management/models/project.go:109.32,114.2 4 0
github.com/bashbunni/project-management/models/project_with_entries.go:16.51,18.2 1 0
github.com/bashbunni/project-management/models/project_with_entries.go:21.97,23.16 2 0
github.com/bashbunni/project-management/models/project_with_entries.go:26.2,26.51 1 0
github.com/bashbunni/project-management/models/project_with_entries.go:23.16,25.3 1 0
github.com/bashbunni/project-management/models/project_with_entries.go:29.71,31.16 2 0
github.com/bashbunni/project-management/models/project_with_entries.go:34.2,35.12 2 0
github.com/bashbunni/project-management/models/project_with_entries.go:31.16,33.3 1 0
